#
# There is insufficient memory for the Java Runtime Environment to continue.
# Native memory allocation (mmap) failed to map 48234496 bytes for committing reserved memory.
# Possible reasons:
#   The system is out of physical RAM or swap space
#   In 32 bit mode, the process size limit was hit
# Possible solutions:
#   Reduce memory load on the system
#   Increase physical memory or swap space
#   Check if swap backing store is full
#   Use 64 bit Java on a 64 bit OS
#   Decrease Java heap size (-Xmx/-Xms)
#   Decrease number of Java threads
#   Decrease Java thread stack sizes (-Xss)
#   Set larger code cache with -XX:ReservedCodeCacheSize=
# This output file may be truncated or incomplete.
#
#  Out of Memory Error (os_linux.cpp:2627), pid=5482, tid=0x00007f65fdd2f700
#
# JRE version: Java(TM) SE Runtime Environment (8.0_121-b13) (build 1.8.0_121-b13)
# Java VM: Java HotSpot(TM) 64-Bit Server VM (25.121-b13 mixed mode linux-amd64 compressed oops)
# Failed to write core dump. Core dumps have been disabled. To enable core dumping, try "ulimit -c unlimited" before starting Java again
#

---------------  T H R E A D  ---------------

Current thread (0x00007f6610074800):  VMThread [stack: 0x00007f65fdc2f000,0x00007f65fdd30000] [id=5491]

Stack: [0x00007f65fdc2f000,0x00007f65fdd30000],  sp=0x00007f65fdd2e300,  free space=1020k
Native frames: (J=compiled Java code, j=interpreted, Vv=VM code, C=native code)
V  [libjvm.so+0xac703a]  VMError::report_and_die()+0x2ba
V  [libjvm.so+0x4fc7eb]  report_vm_out_of_memory(char const*, int, unsigned long, VMErrorType, char const*)+0x8b
V  [libjvm.so+0x923c43]  os::Linux::commit_memory_impl(char*, unsigned long, bool)+0x103
V  [libjvm.so+0x924199]  os::pd_commit_memory(char*, unsigned long, unsigned long, bool)+0x29
V  [libjvm.so+0x91e4aa]  os::commit_memory(char*, unsigned long, unsigned long, bool)+0x2a
V  [libjvm.so+0x992f03]  PSVirtualSpace::expand_by(unsigned long)+0x53
V  [libjvm.so+0x994308]  PSYoungGen::resize_generation(unsigned long, unsigned long)+0xf8
V  [libjvm.so+0x993462]  PSYoungGen::resize(unsigned long, unsigned long)+0x22
V  [libjvm.so+0x99073b]  PSScavenge::invoke_no_policy()+0xf3b
V  [libjvm.so+0x98b9e5]  PSParallelCompact::invoke(bool)+0x85
V  [libjvm.so+0x4832d4]  CollectedHeap::collect_as_vm_thread(GCCause::Cause)+0x114
V  [libjvm.so+0xac84b1]  VM_CollectForMetadataAllocation::doit()+0x161
V  [libjvm.so+0xad0535]  VM_Operation::evaluate()+0x55
V  [libjvm.so+0xace90a]  VMThread::evaluate_operation(VM_Operation*)+0xba
V  [libjvm.so+0xacec8e]  VMThread::loop()+0x1ce
V  [libjvm.so+0xacf100]  VMThread::run()+0x70
V  [libjvm.so+0x926268]  java_start(Thread*)+0x108

VM_Operation (0x00007f661686b7f0): CollectForMetadataAllocation, mode: safepoint, requested by thread 0x00007f661000b000


---------------  P R O C E S S  ---------------

Java Threads: ( => current thread )
  0x00007f6610832000 JavaThread "Localizer Cache Cleanup" [_thread_blocked, id=5596, stack(0x00007f65d6ff0000,0x00007f65d70f1000)]
  0x00007f6610830800 JavaThread "SLOT_1029" [_thread_blocked, id=5595, stack(0x00007f65d70f1000,0x00007f65d71f2000)]
  0x00007f661082e800 JavaThread "SLOT_1028" [_thread_blocked, id=5594, stack(0x00007f65d71f2000,0x00007f65d72f3000)]
  0x00007f661082d000 JavaThread "SLOT_1027" [_thread_blocked, id=5593, stack(0x00007f65d72f3000,0x00007f65d73f4000)]
  0x00007f6610929800 JavaThread "Thread-14" [_thread_blocked, id=5592, stack(0x00007f65d73f4000,0x00007f65d74f5000)]
  0x00007f6610928000 JavaThread "blob-update-timer" daemon [_thread_blocked, id=5591, stack(0x00007f65d74f5000,0x00007f65d75f6000)]
  0x00007f6610926800 JavaThread "timer" daemon [_thread_blocked, id=5590, stack(0x00007f65d75f6000,0x00007f65d76f7000)]
  0x00007f6610925000 JavaThread "timer" daemon [_thread_blocked, id=5589, stack(0x00007f65d76f7000,0x00007f65d77f8000)]
  0x00007f6610a94800 JavaThread "Curator-Framework-0" daemon [_thread_blocked, id=5588, stack(0x00007f65d79fa000,0x00007f65d7afb000)]
  0x00007f6610924000 JavaThread "main-EventThread" daemon [_thread_blocked, id=5587, stack(0x00007f65d77f8000,0x00007f65d78f9000)]
  0x00007f6610a98000 JavaThread "main-SendThread(localhost:2000)" daemon [_thread_in_native, id=5586, stack(0x00007f65d7afb000,0x00007f65d7bfc000)]
  0x00007f6610a96000 JavaThread "Curator-ConnectionStateManager-0" daemon [_thread_blocked, id=5585, stack(0x00007f65d78f9000,0x00007f65d79fa000)]
  0x00007f6610a91000 JavaThread "Localizer Cache Cleanup" [_thread_blocked, id=5580, stack(0x00007f65d7bfc000,0x00007f65d7cfd000)]
  0x00007f6610b08800 JavaThread "SLOT_1026" [_thread_blocked, id=5579, stack(0x00007f65d7cfd000,0x00007f65d7dfe000)]
  0x00007f6610b06800 JavaThread "SLOT_1025" [_thread_blocked, id=5578, stack(0x00007f65d7dfe000,0x00007f65d7eff000)]
  0x00007f6610b0d000 JavaThread "SLOT_1024" [_thread_blocked, id=5577, stack(0x00007f65d7eff000,0x00007f65d8000000)]
  0x00007f6610c90000 JavaThread "Thread-10" [_thread_blocked, id=5576, stack(0x00007f65f40c4000,0x00007f65f41c5000)]
  0x00007f6610c65000 JavaThread "blob-update-timer" daemon [_thread_blocked, id=5575, stack(0x00007f65f41c5000,0x00007f65f42c6000)]
  0x00007f6610c63800 JavaThread "timer" daemon [_thread_blocked, id=5574, stack(0x00007f65f42c6000,0x00007f65f43c7000)]
  0x00007f6610c63000 JavaThread "timer" daemon [_thread_blocked, id=5573, stack(0x00007f65f46ca000,0x00007f65f47cb000)]
  0x00007f6610738800 JavaThread "Curator-Framework-0" daemon [_thread_blocked, id=5572, stack(0x00007f65f43c7000,0x00007f65f44c8000)]
  0x00007f66106c0000 JavaThread "main-EventThread" daemon [_thread_blocked, id=5571, stack(0x00007f65f4bcd000,0x00007f65f4cce000)]
  0x00007f66106c3000 JavaThread "main-SendThread(localhost:2000)" daemon [_thread_in_native, id=5570, stack(0x00007f65f44c8000,0x00007f65f45c9000)]
  0x00007f6610736800 JavaThread "Curator-ConnectionStateManager-0" daemon [_thread_blocked, id=5569, stack(0x00007f65f45c9000,0x00007f65f46ca000)]
  0x00007f661044e000 JavaThread "Curator-Framework-0" daemon [_thread_blocked, id=5564, stack(0x00007f65f50d2000,0x00007f65f51d3000)]
  0x00007f6610a04800 JavaThread "main-EventThread" daemon [_thread_blocked, id=5563, stack(0x00007f65f49cb000,0x00007f65f4acc000)]
  0x00007f6610a06000 JavaThread "main-SendThread(localhost:2000)" daemon [_thread_in_native, id=5562, stack(0x00007f65f4cce000,0x00007f65f4dcf000)]
  0x00007f6610df0000 JavaThread "Curator-ConnectionStateManager-0" daemon [_thread_blocked, id=5561, stack(0x00007f65f4acc000,0x00007f65f4bcd000)]
  0x00007f661044c800 JavaThread "Curator-Framework-0" daemon [_thread_blocked, id=5556, stack(0x00007f65f4dcf000,0x00007f65f4ed0000)]
  0x00007f6610df1800 JavaThread "main-EventThread" daemon [_thread_blocked, id=5555, stack(0x00007f65f51d3000,0x00007f65f52d4000)]
  0x00007f661044b000 JavaThread "main-SendThread(localhost:2000)" daemon [_thread_in_native, id=5554, stack(0x00007f65f4ed0000,0x00007f65f4fd1000)]
  0x00007f6610def000 JavaThread "Curator-ConnectionStateManager-0" daemon [_thread_blocked, id=5553, stack(0x00007f65f4fd1000,0x00007f65f50d2000)]
  0x00007f6610c6d000 JavaThread "Thread-6" daemon [_thread_blocked, id=5547, stack(0x00007f65f52d4000,0x00007f65f53d5000)]
  0x00007f6610390000 JavaThread "Curator-Framework-0" daemon [_thread_blocked, id=5546, stack(0x00007f65f53d5000,0x00007f65f54d6000)]
  0x00007f661038e800 JavaThread "main-EventThread" daemon [_thread_blocked, id=5545, stack(0x00007f65f54d6000,0x00007f65f55d7000)]
  0x00007f661109a000 JavaThread "main-SendThread(localhost:2000)" daemon [_thread_in_native, id=5544, stack(0x00007f65f55d7000,0x00007f65f56d8000)]
  0x00007f66107f0000 JavaThread "Curator-ConnectionStateManager-0" daemon [_thread_blocked, id=5543, stack(0x00007f65f59db000,0x00007f65f5adc000)]
  0x00007f6610a60800 JavaThread "Curator-Framework-0" daemon [_thread_blocked, id=5542, stack(0x00007f65f56d8000,0x00007f65f57d9000)]
  0x00007f661109d800 JavaThread "main-EventThread" daemon [_thread_blocked, id=5541, stack(0x00007f65f57d9000,0x00007f65f58da000)]
  0x00007f661109b800 JavaThread "main-SendThread(localhost:2000)" daemon [_thread_in_native, id=5540, stack(0x00007f65f5adc000,0x00007f65f5bdd000)]
  0x00007f661107f800 JavaThread "Curator-ConnectionStateManager-0" daemon [_thread_blocked, id=5539, stack(0x00007f65f58da000,0x00007f65f59db000)]
  0x00007f661107a000 JavaThread "Thread-5" daemon [_thread_blocked, id=5534, stack(0x00007f65f5bdd000,0x00007f65f5cde000)]
  0x00007f6611078800 JavaThread "Thread-4" daemon [_thread_blocked, id=5533, stack(0x00007f65f5cde000,0x00007f65f5ddf000)]
  0x00007f6611040800 JavaThread "Thread-3" daemon [_thread_blocked, id=5532, stack(0x00007f65f5ddf000,0x00007f65f5ee0000)]
  0x00007f6611042000 JavaThread "timer" daemon [_thread_blocked, id=5531, stack(0x00007f65f5ee0000,0x00007f65f5fe1000)]
  0x00007f661103e000 JavaThread "Thread-2" daemon [_thread_blocked, id=5530, stack(0x00007f65f5fe1000,0x00007f65f60e2000)]
  0x00007f661103b000 JavaThread "Curator-Framework-0" daemon [_thread_blocked, id=5529, stack(0x00007f65f60e2000,0x00007f65f61e3000)]
  0x00007f6611039800 JavaThread "main-EventThread" daemon [_thread_blocked, id=5528, stack(0x00007f65f61e3000,0x00007f65f62e4000)]
  0x00007f6611037000 JavaThread "main-SendThread(localhost:2000)" daemon [_thread_in_native, id=5527, stack(0x00007f65f62e4000,0x00007f65f63e5000)]
  0x00007f6611035800 JavaThread "Curator-ConnectionStateManager-0" daemon [_thread_blocked, id=5526, stack(0x00007f65f63e5000,0x00007f65f64e6000)]
  0x00007f6611032800 JavaThread "FileBlobStore cleanup thread" daemon [_thread_blocked, id=5525, stack(0x00007f65f66e6000,0x00007f65f67e7000)]
  0x00007f6611028000 JavaThread "Curator-Framework-0" daemon [_thread_blocked, id=5524, stack(0x00007f65f67e7000,0x00007f65f68e8000)]
  0x00007f661101f000 JavaThread "main-EventThread" daemon [_thread_blocked, id=5523, stack(0x00007f65f68e8000,0x00007f65f69e9000)]
  0x00007f6611029000 JavaThread "main-SendThread(localhost:2000)" daemon [_thread_blocked, id=5522, stack(0x00007f65f69e9000,0x00007f65f6aea000)]
  0x00007f661101d000 JavaThread "Curator-ConnectionStateManager-0" daemon [_thread_blocked, id=5521, stack(0x00007f65f6aea000,0x00007f65f6beb000)]
  0x00007f6610f81800 JavaThread "ProcessThread(sid:0 cport:-1):" [_thread_blocked, id=5520, stack(0x00007f65f6beb000,0x00007f65f6cec000)]
  0x00007f6610ead800 JavaThread "SyncThread:0" [_thread_blocked, id=5519, stack(0x00007f65f6cec000,0x00007f65f6ded000)]
  0x00007f6610f50800 JavaThread "SessionTracker" [_thread_blocked, id=5518, stack(0x00007f65f6ded000,0x00007f65f6eee000)]
  0x00007f6610f3f800 JavaThread "NIOServerCxn.Factory:0.0.0.0/0.0.0.0:2000" daemon [_thread_blocked, id=5517, stack(0x00007f65f6eee000,0x00007f65f6fef000)]
  0x00007f66101e4800 JavaThread "Monitor Ctrl-Break" daemon [_thread_in_native, id=5506, stack(0x00007f65fcb8e000,0x00007f65fcc8f000)]
  0x00007f66100c6000 JavaThread "Service Thread" daemon [_thread_blocked, id=5504, stack(0x00007f65fd211000,0x00007f65fd312000)]
  0x00007f66100b9000 JavaThread "C1 CompilerThread1" daemon [_thread_blocked, id=5503, stack(0x00007f65fd312000,0x00007f65fd413000)]
  0x00007f66100b6000 JavaThread "C2 CompilerThread0" daemon [_thread_blocked, id=5502, stack(0x00007f65fd413000,0x00007f65fd514000)]
  0x00007f66100b5000 JavaThread "Signal Dispatcher" daemon [_thread_blocked, id=5501, stack(0x00007f65fd514000,0x00007f65fd615000)]
  0x00007f6610081000 JavaThread "Finalizer" daemon [_thread_blocked, id=5495, stack(0x00007f65fda2d000,0x00007f65fdb2e000)]
  0x00007f661007c800 JavaThread "Reference Handler" daemon [_thread_blocked, id=5493, stack(0x00007f65fdb2e000,0x00007f65fdc2f000)]
  0x00007f661000b000 JavaThread "main" [_thread_blocked, id=5486, stack(0x00007f661676e000,0x00007f661686f000)]

Other Threads:
=>0x00007f6610074800 VMThread [stack: 0x00007f65fdc2f000,0x00007f65fdd30000] [id=5491]
  0x00007f66100d1000 WatcherThread [stack: 0x00007f65fd110000,0x00007f65fd211000] [id=5505]

VM state:at safepoint (normal execution)

VM Mutex/Monitor currently owned by a thread:  ([mutex/lock_event])
[0x00007f6610007360] Threads_lock - owner thread: 0x00007f6610074800
[0x00007f6610007860] Heap_lock - owner thread: 0x00007f661000b000

Heap:
 PSYoungGen      total 92672K, used 3289K [0x00000000f5b00000, 0x00000000fbc80000, 0x0000000100000000)
  eden space 86016K, 0% used [0x00000000f5b00000,0x00000000f5b00000,0x00000000faf00000)
  from space 6656K, 49% used [0x00000000faf00000,0x00000000fb2366c8,0x00000000fb580000)
  to   space 6144K, 0% used [0x00000000fb580000,0x00000000fb580000,0x00000000fbb80000)
 ParOldGen       total 17920K, used 11837K [0x00000000e1000000, 0x00000000e2180000, 0x00000000f5b00000)
  object space 17920K, 66% used [0x00000000e1000000,0x00000000e1b8f498,0x00000000e2180000)
 Metaspace       used 35105K, capacity 35348K, committed 35456K, reserved 1079296K
  class space    used 6171K, capacity 6245K, committed 6272K, reserved 1048576K

Card table byte_map: [0x00007f661402d000,0x00007f6614126000] byte_map_base: 0x00007f6613925000

Marking Bits: (ParMarkBitMap*) 0x00007f6615c3ec80
 Begin Bits: [0x00007f65ff26c000, 0x00007f65ffa2c000)
 End Bits:   [0x00007f65ffa2c000, 0x00007f66001ec000)

Polling page: 0x00007f661688a000

CodeCache: size=245760Kb used=6598Kb max_used=7234Kb free=239161Kb
 bounds [0x00007f66007ae000, 0x00007f6600ece000, 0x00007f660f7ae000]
 total_blobs=2410 nmethods=1946 adapters=376
 compilation: enabled

Compilation events (10 events):
Event: 51.172 Thread 0x00007f66100b9000 2356       3       java.util.concurrent.locks.AbstractQueuedSynchronizer::transferForSignal (45 bytes)
Event: 51.604 Thread 0x00007f66100b9000 nmethod 2356 0x00007f6600a490d0 code [0x00007f6600a49280, 0x00007f6600a49758]
Event: 51.631 Thread 0x00007f66100b9000 2360       3       java.util.HashMap$KeySet::iterator (12 bytes)
Event: 52.201 Thread 0x00007f66100b9000 nmethod 2360 0x00007f6600a48c10 code [0x00007f6600a48d80, 0x00007f6600a48fe8]
Event: 52.205 Thread 0x00007f66100b9000 2364       3       java.util.HashSet::iterator (13 bytes)
Event: 52.563 Thread 0x00007f66100b9000 nmethod 2364 0x00007f6600ab4650 code [0x00007f6600ab47e0, 0x00007f6600ab4ab8]
Event: 52.568 Thread 0x00007f66100b9000 2357       1       org.apache.storm.shade.org.apache.zookeeper.server.SessionTrackerImpl$SessionImpl::isClosing (5 bytes)
Event: 52.589 Thread 0x00007f66100b9000 nmethod 2357 0x00007f6600cbe050 code [0x00007f6600cbe1a0, 0x00007f6600cbe2b0]
Event: 52.612 Thread 0x00007f66100b9000 2365       3       java.lang.Boolean::valueOf (14 bytes)
Event: 52.615 Thread 0x00007f66100b9000 nmethod 2365 0x00007f66009a32d0 code [0x00007f66009a3440, 0x00007f66009a35d0]

GC Heap History (10 events):
Event: 32.513 GC heap after
Heap after GC invocations=9 (full 0):
 PSYoungGen      total 38400K, used 4095K [0x00000000f5b00000, 0x00000000f9b00000, 0x0000000100000000)
  eden space 34304K, 0% used [0x00000000f5b00000,0x00000000f5b00000,0x00000000f7c80000)
  from space 4096K, 99% used [0x00000000f7c80000,0x00000000f807fd60,0x00000000f8080000)
  to   space 5120K, 0% used [0x00000000f9600000,0x00000000f9600000,0x00000000f9b00000)
 ParOldGen       total 22016K, used 8975K [0x00000000e1000000, 0x00000000e2580000, 0x00000000f5b00000)
  object space 22016K, 40% used [0x00000000e1000000,0x00000000e18c3ca8,0x00000000e2580000)
 Metaspace       used 20898K, capacity 21032K, committed 21296K, reserved 1067008K
  class space    used 3619K, capacity 3651K, committed 3712K, reserved 1048576K
}
Event: 32.563 GC heap before
{Heap before GC invocations=10 (full 0):
 PSYoungGen      total 38400K, used 7543K [0x00000000f5b00000, 0x00000000f9b00000, 0x0000000100000000)
  eden space 34304K, 10% used [0x00000000f5b00000,0x00000000f5e5dee0,0x00000000f7c80000)
  from space 4096K, 99% used [0x00000000f7c80000,0x00000000f807fd60,0x00000000f8080000)
  to   space 5120K, 0% used [0x00000000f9600000,0x00000000f9600000,0x00000000f9b00000)
 ParOldGen       total 22016K, used 8975K [0x00000000e1000000, 0x00000000e2580000, 0x00000000f5b00000)
  object space 22016K, 40% used [0x00000000e1000000,0x00000000e18c3ca8,0x00000000e2580000)
 Metaspace       used 21113K, capacity 21276K, committed 21296K, reserved 1067008K
  class space    used 3655K, capacity 3697K, committed 3712K, reserved 1048576K
Event: 32.569 GC heap after
Heap after GC invocations=10 (full 0):
 PSYoungGen      total 60416K, used 1376K [0x00000000f5b00000, 0x00000000f9b00000, 0x0000000100000000)
  eden space 55296K, 0% used [0x00000000f5b00000,0x00000000f5b00000,0x00000000f9100000)
  from space 5120K, 26% used [0x00000000f9600000,0x00000000f9758000,0x00000000f9b00000)
  to   space 5120K, 0% used [0x00000000f9100000,0x00000000f9100000,0x00000000f9600000)
 ParOldGen       total 22016K, used 11135K [0x00000000e1000000, 0x00000000e2580000, 0x00000000f5b00000)
  object space 22016K, 50% used [0x00000000e1000000,0x00000000e1adfcc8,0x00000000e2580000)
 Metaspace       used 21113K, capacity 21276K, committed 21296K, reserved 1067008K
  class space    used 3655K, capacity 3697K, committed 3712K, reserved 1048576K
}
Event: 32.569 GC heap before
{Heap before GC invocations=11 (full 1):
 PSYoungGen      total 60416K, used 1376K [0x00000000f5b00000, 0x00000000f9b00000, 0x0000000100000000)
  eden space 55296K, 0% used [0x00000000f5b00000,0x00000000f5b00000,0x00000000f9100000)
  from space 5120K, 26% used [0x00000000f9600000,0x00000000f9758000,0x00000000f9b00000)
  to   space 5120K, 0% used [0x00000000f9100000,0x00000000f9100000,0x00000000f9600000)
 ParOldGen       total 22016K, used 11135K [0x00000000e1000000, 0x00000000e2580000, 0x00000000f5b00000)
  object space 22016K, 50% used [0x00000000e1000000,0x00000000e1adfcc8,0x00000000e2580000)
 Metaspace       used 21113K, capacity 21276K, committed 21296K, reserved 1067008K
  class space    used 3655K, capacity 3697K, committed 3712K, reserved 1048576K
Event: 32.631 GC heap after
Heap after GC invocations=11 (full 1):
 PSYoungGen      total 60416K, used 0K [0x00000000f5b00000, 0x00000000f9b00000, 0x0000000100000000)
  eden space 55296K, 0% used [0x00000000f5b00000,0x00000000f5b00000,0x00000000f9100000)
  from space 5120K, 0% used [0x00000000f9600000,0x00000000f9600000,0x00000000f9b00000)
  to   space 5120K, 0% used [0x00000000f9100000,0x00000000f9100000,0x00000000f9600000)
 ParOldGen       total 17920K, used 6862K [0x00000000e1000000, 0x00000000e2180000, 0x00000000f5b00000)
  object space 17920K, 38% used [0x00000000e1000000,0x00000000e16b3b98,0x00000000e2180000)
 Metaspace       used 21113K, capacity 21276K, committed 21296K, reserved 1067008K
  class space    used 3655K, capacity 3697K, committed 3712K, reserved 1048576K
}
Event: 33.301 GC heap before
{Heap before GC invocations=12 (full 1):
 PSYoungGen      total 60416K, used 55296K [0x00000000f5b00000, 0x00000000f9b00000, 0x0000000100000000)
  eden space 55296K, 100% used [0x00000000f5b00000,0x00000000f9100000,0x00000000f9100000)
  from space 5120K, 0% used [0x00000000f9600000,0x00000000f9600000,0x00000000f9b00000)
  to   space 5120K, 0% used [0x00000000f9100000,0x00000000f9100000,0x00000000f9600000)
 ParOldGen       total 17920K, used 6862K [0x00000000e1000000, 0x00000000e2180000, 0x00000000f5b00000)
  object space 17920K, 38% used [0x00000000e1000000,0x00000000e16b3b98,0x00000000e2180000)
 Metaspace       used 26561K, capacity 26708K, committed 26880K, reserved 1071104K
  class space    used 4739K, capacity 4757K, committed 4864K, reserved 1048576K
Event: 33.310 GC heap after
Heap after GC invocations=12 (full 1):
 PSYoungGen      total 60416K, used 5109K [0x00000000f5b00000, 0x00000000fbb80000, 0x0000000100000000)
  eden space 55296K, 0% used [0x00000000f5b00000,0x00000000f5b00000,0x00000000f9100000)
  from space 5120K, 99% used [0x00000000f9100000,0x00000000f95fd760,0x00000000f9600000)
  to   space 6144K, 0% used [0x00000000fb580000,0x00000000fb580000,0x00000000fbb80000)
 ParOldGen       total 17920K, used 8111K [0x00000000e1000000, 0x00000000e2180000, 0x00000000f5b00000)
  object space 17920K, 45% used [0x00000000e1000000,0x00000000e17ebd58,0x00000000e2180000)
 Metaspace       used 26561K, capacity 26708K, committed 26880K, reserved 1071104K
  class space    used 4739K, capacity 4757K, committed 4864K, reserved 1048576K
}
Event: 34.711 GC heap before
{Heap before GC invocations=13 (full 1):
 PSYoungGen      total 60416K, used 60405K [0x00000000f5b00000, 0x00000000fbb80000, 0x0000000100000000)
  eden space 55296K, 100% used [0x00000000f5b00000,0x00000000f9100000,0x00000000f9100000)
  from space 5120K, 99% used [0x00000000f9100000,0x00000000f95fd760,0x00000000f9600000)
  to   space 6144K, 0% used [0x00000000fb580000,0x00000000fb580000,0x00000000fbb80000)
 ParOldGen       total 17920K, used 8111K [0x00000000e1000000, 0x00000000e2180000, 0x00000000f5b00000)
  object space 17920K, 45% used [0x00000000e1000000,0x00000000e17ebd58,0x00000000e2180000)
 Metaspace       used 31887K, capacity 32126K, committed 32256K, reserved 1075200K
  class space    used 5734K, capacity 5788K, committed 5888K, reserved 1048576K
Event: 34.743 GC heap after
Heap after GC invocations=13 (full 1):
 PSYoungGen      total 92160K, used 5716K [0x00000000f5b00000, 0x00000000fbc80000, 0x0000000100000000)
  eden space 86016K, 0% used [0x00000000f5b00000,0x00000000f5b00000,0x00000000faf00000)
  from space 6144K, 93% used [0x00000000fb580000,0x00000000fbb153f8,0x00000000fbb80000)
  to   space 6656K, 0% used [0x00000000faf00000,0x00000000faf00000,0x00000000fb580000)
 ParOldGen       total 17920K, used 10081K [0x00000000e1000000, 0x00000000e2180000, 0x00000000f5b00000)
  object space 17920K, 56% used [0x00000000e1000000,0x00000000e19d8468,0x00000000e2180000)
 Metaspace       used 31887K, capacity 32126K, committed 32256K, reserved 1075200K
  class space    used 5734K, capacity 5788K, committed 5888K, reserved 1048576K
}
Event: 52.812 GC heap before
{Heap before GC invocations=14 (full 1):
 PSYoungGen      total 92160K, used 59021K [0x00000000f5b00000, 0x00000000fbc80000, 0x0000000100000000)
  eden space 86016K, 61% used [0x00000000f5b00000,0x00000000f8f0e110,0x00000000faf00000)
  from space 6144K, 93% used [0x00000000fb580000,0x00000000fbb153f8,0x00000000fbb80000)
  to   space 6656K, 0% used [0x00000000faf00000,0x00000000faf00000,0x00000000fb580000)
 ParOldGen       total 17920K, used 10081K [0x00000000e1000000, 0x00000000e2180000, 0x00000000f5b00000)
  object space 17920K, 56% used [0x00000000e1000000,0x00000000e19d8468,0x00000000e2180000)
 Metaspace       used 35105K, capacity 35348K, committed 35456K, reserved 1079296K
  class space    used 6171K, capacity 6245K, committed 6272K, reserved 1048576K

Deoptimization events (10 events):
Event: 33.995 Thread 0x00007f661000b000 Uncommon trap: reason=class_check action=maybe_recompile pc=0x00007f6600bbdfb4 method=clojure.lang.RT.next(Ljava/lang/Object;)Lclojure/lang/ISeq; @ 29
Event: 33.995 Thread 0x00007f661000b000 Uncommon trap: reason=class_check action=maybe_recompile pc=0x00007f6600bbdfb4 method=clojure.lang.RT.next(Ljava/lang/Object;)Lclojure/lang/ISeq; @ 29
Event: 33.995 Thread 0x00007f661000b000 Uncommon trap: reason=class_check action=maybe_recompile pc=0x00007f6600bbdfb4 method=clojure.lang.RT.next(Ljava/lang/Object;)Lclojure/lang/ISeq; @ 29
Event: 33.995 Thread 0x00007f661000b000 Uncommon trap: reason=class_check action=maybe_recompile pc=0x00007f6600bbdfb4 method=clojure.lang.RT.next(Ljava/lang/Object;)Lclojure/lang/ISeq; @ 29
Event: 34.004 Thread 0x00007f661000b000 Uncommon trap: reason=unstable_if action=reinterpret pc=0x00007f6600a7facc method=clojure.lang.PersistentHashMap.valAt(Ljava/lang/Object;Ljava/lang/Object;)Ljava/lang/Object; @ 1
Event: 34.911 Thread 0x00007f6611029000 Uncommon trap: reason=null_check action=make_not_entrant pc=0x00007f6600dfcfdc method=java.lang.StringCoding.encode(Ljava/lang/String;[CII)[B @ 6
Event: 35.719 Thread 0x00007f6611032800 Uncommon trap: reason=null_check action=make_not_entrant pc=0x00007f6600d72030 method=java.lang.StringCoding.encode(Ljava/lang/String;[CII)[B @ 6
Event: 40.270 Thread 0x00007f661000b000 Uncommon trap: reason=unstable_if action=reinterpret pc=0x00007f6600d8a838 method=clojure.lang.Util.equivPred(Ljava/lang/Object;)Lclojure/lang/Util$EquivPred; @ 23
Event: 41.327 Thread 0x00007f661000b000 Uncommon trap: reason=class_check action=maybe_recompile pc=0x00007f6600d787b4 method=clojure.lang.RT.seqFrom(Ljava/lang/Object;)Lclojure/lang/ISeq; @ 31
Event: 42.205 Thread 0x00007f661000b000 Uncommon trap: reason=unstable_if action=reinterpret pc=0x00007f6600b8b564 method=clojure.lang.Util.equivPred(Ljava/lang/Object;)Lclojure/lang/Util$EquivPred; @ 23

Internal exceptions (10 events):
Event: 6.149 Thread 0x00007f661000b000 Implicit null exception at 0x00007f6600bd4358 to 0x00007f6600bd457d
Event: 26.038 Thread 0x00007f661000b000 Implicit null exception at 0x00007f6600b7585b to 0x00007f6600b75ea5
Event: 29.355 Thread 0x00007f661000b000 Implicit null exception at 0x00007f6600b9fa75 to 0x00007f6600b9fc59
Event: 32.542 Thread 0x00007f661000b000 Implicit null exception at 0x00007f66009f58b5 to 0x00007f66009f5c61
Event: 32.542 Thread 0x00007f661000b000 Implicit null exception at 0x00007f66009e6976 to 0x00007f66009e6d29
Event: 34.003 Thread 0x00007f661000b000 Implicit null exception at 0x00007f6600a7ea14 to 0x00007f6600a7fab5
Event: 34.908 Thread 0x00007f6611029000 Implicit null exception at 0x00007f6600dfca86 to 0x00007f6600dfcfc5
Event: 35.716 Thread 0x00007f6611032800 Implicit null exception at 0x00007f6600d71aff to 0x00007f6600d72019
Event: 38.627 Thread 0x00007f6611029000 Exception <a 'java/lang/NoSuchFieldError': method resolution failed> (0x00000000f63f70f0) thrown at [/HUDSON3/workspace/8-2-build-linux-amd64/jdk8u121/8372/hotspot/src/share/vm/prims/methodHandles.cpp, line 1146]
Event: 38.831 Thread 0x00007f6611029000 Exception <a 'java/lang/NoSuchFieldError': method resolution failed> (0x00000000f6404588) thrown at [/HUDSON3/workspace/8-2-build-linux-amd64/jdk8u121/8372/hotspot/src/share/vm/prims/methodHandles.cpp, line 1146]

Events (10 events):
Event: 51.190 Executing VM operation: RevokeBias
Event: 51.200 Executing VM operation: RevokeBias done
Event: 51.613 loading class org/apache/storm/generated/Bolt$BoltStandardSchemeFactory
Event: 51.633 loading class org/apache/storm/generated/Bolt$BoltStandardSchemeFactory done
Event: 52.189 loading class org/apache/storm/generated/Bolt$BoltTupleSchemeFactory
Event: 52.194 loading class org/apache/storm/generated/Bolt$BoltTupleSchemeFactory done
Event: 52.525 loading class org/apache/storm/generated/Bolt$_Fields
Event: 52.538 loading class org/apache/storm/generated/Bolt$_Fields done
Event: 52.616 loading class java/io/ObjectOutputStream$BlockDataOutputStream
Event: 52.718 Executing VM operation: CollectForMetadataAllocation


Dynamic libraries:
00400000-00401000 r-xp 00000000 08:01 277805                             /usr/lib/jvm/java-8-oracle/bin/java
00600000-00601000 rw-p 00000000 08:01 277805                             /usr/lib/jvm/java-8-oracle/bin/java
009f7000-00a18000 rw-p 00000000 00:00 0                                  [heap]
e1000000-e2180000 rw-p 00000000 00:00 0 
e2180000-f5b00000 ---p 00000000 00:00 0 
f5b00000-fbc80000 rw-p 00000000 00:00 0 
fea80000-100000000 ---p 00000000 00:00 0 
100000000-100620000 rw-p 00000000 00:00 0 
100620000-140000000 ---p 00000000 00:00 0 
7f65b8000000-7f65b8021000 rw-p 00000000 00:00 0 
7f65b8021000-7f65bc000000 ---p 00000000 00:00 0 
7f65c0000000-7f65c0025000 rw-p 00000000 00:00 0 
7f65c0025000-7f65c4000000 ---p 00000000 00:00 0 
7f65c4000000-7f65c4042000 rw-p 00000000 00:00 0 
7f65c4042000-7f65c8000000 ---p 00000000 00:00 0 
7f65c8000000-7f65c8021000 rw-p 00000000 00:00 0 
7f65c8021000-7f65cc000000 ---p 00000000 00:00 0 
7f65cc000000-7f65cc021000 rw-p 00000000 00:00 0 
7f65cc021000-7f65d0000000 ---p 00000000 00:00 0 
7f65d0000000-7f65d0a14000 rw-p 00000000 00:00 0 
7f65d0a14000-7f65d4000000 ---p 00000000 00:00 0 
7f65d6ff0000-7f65d6ff3000 ---p 00000000 00:00 0 
7f65d6ff3000-7f65d70f1000 rw-p 00000000 00:00 0 
7f65d70f1000-7f65d70f4000 ---p 00000000 00:00 0 
7f65d70f4000-7f65d71f2000 rw-p 00000000 00:00 0 
7f65d71f2000-7f65d71f5000 ---p 00000000 00:00 0 
7f65d71f5000-7f65d72f3000 rw-p 00000000 00:00 0 
7f65d72f3000-7f65d72f6000 ---p 00000000 00:00 0 
7f65d72f6000-7f65d73f4000 rw-p 00000000 00:00 0 
7f65d73f4000-7f65d73f7000 ---p 00000000 00:00 0 
7f65d73f7000-7f65d74f5000 rw-p 00000000 00:00 0 
7f65d74f5000-7f65d74f8000 ---p 00000000 00:00 0 
7f65d74f8000-7f65d75f6000 rw-p 00000000 00:00 0 
7f65d75f6000-7f65d75f9000 ---p 00000000 00:00 0 
7f65d75f9000-7f65d76f7000 rw-p 00000000 00:00 0 
7f65d76f7000-7f65d76fa000 ---p 00000000 00:00 0 
7f65d76fa000-7f65d77f8000 rw-p 00000000 00:00 0 
7f65d77f8000-7f65d77fb000 ---p 00000000 00:00 0 
7f65d77fb000-7f65d78f9000 rw-p 00000000 00:00 0 
7f65d78f9000-7f65d78fc000 ---p 00000000 00:00 0 
7f65d78fc000-7f65d79fa000 rw-p 00000000 00:00 0 
7f65d79fa000-7f65d79fd000 ---p 00000000 00:00 0 
7f65d79fd000-7f65d7afb000 rw-p 00000000 00:00 0 
7f65d7afb000-7f65d7afe000 ---p 00000000 00:00 0 
7f65d7afe000-7f65d7bfc000 rw-p 00000000 00:00 0 
7f65d7bfc000-7f65d7bff000 ---p 00000000 00:00 0 
7f65d7bff000-7f65d7cfd000 rw-p 00000000 00:00 0 
7f65d7cfd000-7f65d7d00000 ---p 00000000 00:00 0 
7f65d7d00000-7f65d7dfe000 rw-p 00000000 00:00 0 
7f65d7dfe000-7f65d7e01000 ---p 00000000 00:00 0 
7f65d7e01000-7f65d7eff000 rw-p 00000000 00:00 0 
7f65d7eff000-7f65d7f02000 ---p 00000000 00:00 0 
7f65d7f02000-7f65d8000000 rw-p 00000000 00:00 0 
7f65d8000000-7f65d993a000 rw-p 00000000 00:00 0 
7f65d993a000-7f65dc000000 ---p 00000000 00:00 0 
7f65dc000000-7f65dc04d000 rw-p 00000000 00:00 0 
7f65dc04d000-7f65e0000000 ---p 00000000 00:00 0 
7f65e0000000-7f65e0021000 rw-p 00000000 00:00 0 
7f65e0021000-7f65e4000000 ---p 00000000 00:00 0 
7f65e4000000-7f65e4021000 rw-p 00000000 00:00 0 
7f65e4021000-7f65e8000000 ---p 00000000 00:00 0 
7f65e8000000-7f65e8296000 rw-p 00000000 00:00 0 
7f65e8296000-7f65ec000000 ---p 00000000 00:00 0 
7f65ec000000-7f65ec022000 rw-p 00000000 00:00 0 
7f65ec022000-7f65f0000000 ---p 00000000 00:00 0 
7f65f0000000-7f65f002b000 rw-p 00000000 00:00 0 
7f65f002b000-7f65f4000000 ---p 00000000 00:00 0 
7f65f40c4000-7f65f40c7000 ---p 00000000 00:00 0 
7f65f40c7000-7f65f41c5000 rw-p 00000000 00:00 0 
7f65f41c5000-7f65f41c8000 ---p 00000000 00:00 0 
7f65f41c8000-7f65f42c6000 rw-p 00000000 00:00 0 
7f65f42c6000-7f65f42c9000 ---p 00000000 00:00 0 
7f65f42c9000-7f65f43c7000 rw-p 00000000 00:00 0 
7f65f43c7000-7f65f43ca000 ---p 00000000 00:00 0 
7f65f43ca000-7f65f44c8000 rw-p 00000000 00:00 0 
7f65f44c8000-7f65f44cb000 ---p 00000000 00:00 0 
7f65f44cb000-7f65f45c9000 rw-p 00000000 00:00 0 
7f65f45c9000-7f65f45cc000 ---p 00000000 00:00 0 
7f65f45cc000-7f65f46ca000 rw-p 00000000 00:00 0 
7f65f46ca000-7f65f46cd000 ---p 00000000 00:00 0 
7f65f46cd000-7f65f484b000 rw-p 00000000 00:00 0 
7f65f484b000-7f65f49cb000 ---p 00000000 00:00 0 
7f65f49cb000-7f65f49ce000 ---p 00000000 00:00 0 
7f65f49ce000-7f65f4acc000 rw-p 00000000 00:00 0 
7f65f4acc000-7f65f4acf000 ---p 00000000 00:00 0 
7f65f4acf000-7f65f4bcd000 rw-p 00000000 00:00 0 
7f65f4bcd000-7f65f4bd0000 ---p 00000000 00:00 0 
7f65f4bd0000-7f65f4cce000 rw-p 00000000 00:00 0 
7f65f4cce000-7f65f4cd1000 ---p 00000000 00:00 0 
7f65f4cd1000-7f65f4dcf000 rw-p 00000000 00:00 0 
7f65f4dcf000-7f65f4dd2000 ---p 00000000 00:00 0 
7f65f4dd2000-7f65f4ed0000 rw-p 00000000 00:00 0 
7f65f4ed0000-7f65f4ed3000 ---p 00000000 00:00 0 
7f65f4ed3000-7f65f4fd1000 rw-p 00000000 00:00 0 
7f65f4fd1000-7f65f4fd4000 ---p 00000000 00:00 0 
7f65f4fd4000-7f65f50d2000 rw-p 00000000 00:00 0 
7f65f50d2000-7f65f50d5000 ---p 00000000 00:00 0 
7f65f50d5000-7f65f51d3000 rw-p 00000000 00:00 0 
7f65f51d3000-7f65f51d6000 ---p 00000000 00:00 0 
7f65f51d6000-7f65f52d4000 rw-p 00000000 00:00 0 
7f65f52d4000-7f65f52d7000 ---p 00000000 00:00 0 
7f65f52d7000-7f65f53d5000 rw-p 00000000 00:00 0 
7f65f53d5000-7f65f53d8000 ---p 00000000 00:00 0 
7f65f53d8000-7f65f54d6000 rw-p 00000000 00:00 0 
7f65f54d6000-7f65f54d9000 ---p 00000000 00:00 0 
7f65f54d9000-7f65f55d7000 rw-p 00000000 00:00 0 
7f65f55d7000-7f65f55da000 ---p 00000000 00:00 0 
7f65f55da000-7f65f56d8000 rw-p 00000000 00:00 0 
7f65f56d8000-7f65f56db000 ---p 00000000 00:00 0 
7f65f56db000-7f65f57d9000 rw-p 00000000 00:00 0 
7f65f57d9000-7f65f57dc000 ---p 00000000 00:00 0 
7f65f57dc000-7f65f58da000 rw-p 00000000 00:00 0 
7f65f58da000-7f65f58dd000 ---p 00000000 00:00 0 
7f65f58dd000-7f65f59db000 rw-p 00000000 00:00 0 
7f65f59db000-7f65f59de000 ---p 00000000 00:00 0 
7f65f59de000-7f65f5adc000 rw-p 00000000 00:00 0 
7f65f5adc000-7f65f5adf000 ---p 00000000 00:00 0 
7f65f5adf000-7f65f5bdd000 rw-p 00000000 00:00 0 
7f65f5bdd000-7f65f5be0000 ---p 00000000 00:00 0 
7f65f5be0000-7f65f5cde000 rw-p 00000000 00:00 0 
7f65f5cde000-7f65f5ce1000 ---p 00000000 00:00 0 
7f65f5ce1000-7f65f5ddf000 rw-p 00000000 00:00 0 
7f65f5ddf000-7f65f5de2000 ---p 00000000 00:00 0 
7f65f5de2000-7f65f5ee0000 rw-p 00000000 00:00 0 
7f65f5ee0000-7f65f5ee3000 ---p 00000000 00:00 0 
7f65f5ee3000-7f65f5fe1000 rw-p 00000000 00:00 0 
7f65f5fe1000-7f65f5fe4000 ---p 00000000 00:00 0 
7f65f5fe4000-7f65f60e2000 rw-p 00000000 00:00 0 
7f65f60e2000-7f65f60e5000 ---p 00000000 00:00 0 
7f65f60e5000-7f65f61e3000 rw-p 00000000 00:00 0 
7f65f61e3000-7f65f61e6000 ---p 00000000 00:00 0 
7f65f61e6000-7f65f62e4000 rw-p 00000000 00:00 0 
7f65f62e4000-7f65f62e7000 ---p 00000000 00:00 0 
7f65f62e7000-7f65f63e5000 rw-p 00000000 00:00 0 
7f65f63e5000-7f65f63e8000 ---p 00000000 00:00 0 
7f65f63e8000-7f65f66e6000 rw-p 00000000 00:00 0 
7f65f66e6000-7f65f66e9000 ---p 00000000 00:00 0 
7f65f66e9000-7f65f67e7000 rw-p 00000000 00:00 0 
7f65f67e7000-7f65f67ea000 ---p 00000000 00:00 0 
7f65f67ea000-7f65f68e8000 rw-p 00000000 00:00 0 
7f65f68e8000-7f65f68eb000 ---p 00000000 00:00 0 
7f65f68eb000-7f65f69e9000 rw-p 00000000 00:00 0 
7f65f69e9000-7f65f69ec000 ---p 00000000 00:00 0 
7f65f69ec000-7f65f6aea000 rw-p 00000000 00:00 0 
7f65f6aea000-7f65f6aed000 ---p 00000000 00:00 0 
7f65f6aed000-7f65f6beb000 rw-p 00000000 00:00 0 
7f65f6beb000-7f65f6bee000 ---p 00000000 00:00 0 
7f65f6bee000-7f65f6cec000 rw-p 00000000 00:00 0 
7f65f6cec000-7f65f6cef000 ---p 00000000 00:00 0 
7f65f6cef000-7f65f6ded000 rw-p 00000000 00:00 0 
7f65f6ded000-7f65f6df0000 ---p 00000000 00:00 0 
7f65f6df0000-7f65f6eee000 rw-p 00000000 00:00 0 
7f65f6eee000-7f65f6ef1000 ---p 00000000 00:00 0 
7f65f6ef1000-7f65f71ef000 rw-p 00000000 00:00 0 
7f65f71ef000-7f65f73ef000 rw-p 00000000 00:00 0 
7f65f73ef000-7f65f75ef000 rw-p 00000000 00:00 0 
7f65f75ef000-7f65f77ef000 rw-p 00000000 00:00 0 
7f65f77ef000-7f65f79ef000 rw-p 00000000 00:00 0 
7f65f79ef000-7f65f7bef000 rw-p 00000000 00:00 0 
7f65f7bef000-7f65f7c00000 r-xp 00000000 08:01 277959                     /usr/lib/jvm/java-8-oracle/jre/lib/amd64/libnio.so
7f65f7c00000-7f65f7dff000 ---p 00011000 08:01 277959                     /usr/lib/jvm/java-8-oracle/jre/lib/amd64/libnio.so
7f65f7dff000-7f65f7e00000 rw-p 00010000 08:01 277959                     /usr/lib/jvm/java-8-oracle/jre/lib/amd64/libnio.so
7f65f7e00000-7f65f8000000 rw-p 00000000 00:00 0 
7f65f8000000-7f65f8024000 rw-p 00000000 00:00 0 
7f65f8024000-7f65fc000000 ---p 00000000 00:00 0 
7f65fc069000-7f65fc06d000 r--s 0009a000 08:01 277833                     /usr/lib/jvm/java-8-oracle/jre/lib/jsse.jar
7f65fc06d000-7f65fc26d000 rw-p 00000000 00:00 0 
7f65fc26d000-7f65fc276000 r-xp 00000000 08:01 277970                     /usr/lib/jvm/java-8-oracle/jre/lib/amd64/libmanagement.so
7f65fc276000-7f65fc475000 ---p 00009000 08:01 277970                     /usr/lib/jvm/java-8-oracle/jre/lib/amd64/libmanagement.so
7f65fc475000-7f65fc476000 rw-p 00008000 08:01 277970                     /usr/lib/jvm/java-8-oracle/jre/lib/amd64/libmanagement.so
7f65fc476000-7f65fc676000 rw-p 00000000 00:00 0 
7f65fc676000-7f65fc977000 rw-p 00000000 00:00 0 
7f65fc977000-7f65fc98d000 r-xp 00000000 08:01 277934                     /usr/lib/jvm/java-8-oracle/jre/lib/amd64/libnet.so
7f65fc98d000-7f65fcb8d000 ---p 00016000 08:01 277934                     /usr/lib/jvm/java-8-oracle/jre/lib/amd64/libnet.so
7f65fcb8d000-7f65fcb8e000 rw-p 00016000 08:01 277934                     /usr/lib/jvm/java-8-oracle/jre/lib/amd64/libnet.so
7f65fcb8e000-7f65fcb91000 ---p 00000000 00:00 0 
7f65fcb91000-7f65fcc8f000 rw-p 00000000 00:00 0 
7f65fcc8f000-7f65fcc90000 r-xp 00000000 08:01 979775                     /home/honey/Downloads/idea-IC-163.12024.16/bin/libbreakgen64.so
7f65fcc90000-7f65fce8f000 ---p 00001000 08:01 979775                     /home/honey/Downloads/idea-IC-163.12024.16/bin/libbreakgen64.so
7f65fce8f000-7f65fce90000 r--p 00000000 08:01 979775                     /home/honey/Downloads/idea-IC-163.12024.16/bin/libbreakgen64.so
7f65fce90000-7f65fce91000 rw-p 00001000 08:01 979775                     /home/honey/Downloads/idea-IC-163.12024.16/bin/libbreakgen64.so
7f65fce91000-7f65fce93000 r--s 00019000 08:01 978909                     /home/honey/Downloads/idea-IC-163.12024.16/lib/idea_rt.jar
7f65fce93000-7f65fce95000 r--s 00006000 08:01 7750                       /home/honey/.m2/repository/org/slf4j/slf4j-api/1.7.7/slf4j-api-1.7.7.jar
7f65fce95000-7f65fce97000 r--s 00018000 08:01 1071454                    /home/honey/.m2/repository/javax/servlet/servlet-api/2.5/servlet-api-2.5.jar
7f65fce97000-7f65fce99000 r--s 00004000 08:01 301035                     /home/honey/.m2/repository/org/slf4j/log4j-over-slf4j/1.6.6/log4j-over-slf4j-1.6.6.jar
7f65fce99000-7f65fce9b000 r--s 00004000 08:01 1102560                    /home/honey/.m2/repository/org/apache/logging/log4j/log4j-slf4j-impl/2.1/log4j-slf4j-impl-2.1.jar
7f65fce9b000-7f65fcead000 r--s 000b8000 08:01 967898                     /home/honey/.m2/repository/org/apache/logging/log4j/log4j-core/2.1/log4j-core-2.1.jar
7f65fcead000-7f65fceb0000 r--s 0001e000 08:01 967896                     /home/honey/.m2/repository/org/apache/logging/log4j/log4j-api/2.1/log4j-api-2.1.jar
7f65fceb0000-7f65fceb3000 r--s 00011000 08:01 1083620                    /home/honey/.m2/repository/com/lmax/disruptor/3.3.2/disruptor-3.3.2.jar
7f65fceb3000-7f65fcef4000 r--s 00368000 08:01 1083618                    /home/honey/.m2/repository/org/clojure/clojure/1.7.0/clojure-1.7.0.jar
7f65fcef4000-7f65fcef6000 r--s 00009000 08:01 7773                       /home/honey/.m2/repository/org/objenesis/objenesis/2.1/objenesis-2.1.jar
7f65fcef6000-7f65fcefc000 r--s 00040000 08:01 170081                     /home/honey/.m2/repository/com/esotericsoftware/kryo/3.0.3/kryo-3.0.3.jar
7f65fcefc000-7f65fcf35000 rw-p 00000000 00:00 0 
7f65fcf35000-7f65fd0c9000 r--s 0119a000 08:01 980691                     /home/honey/.m2/repository/org/apache/storm/storm-core/1.0.3/storm-core-1.0.3.jar
7f65fd0c9000-7f65fd0cc000 r--s 0001b000 08:01 965341                     /home/honey/.m2/repository/junit/junit/3.8.1/junit-3.8.1.jar
7f65fd0cc000-7f65fd0df000 r--s 00345000 08:01 277915                     /usr/lib/jvm/java-8-oracle/jre/lib/resources.jar
7f65fd0df000-7f65fd0f1000 r--s 000d6000 08:01 277914                     /usr/lib/jvm/java-8-oracle/jre/lib/plugin.jar
7f65fd0f1000-7f65fd0f5000 r--s 0009a000 08:01 277833                     /usr/lib/jvm/java-8-oracle/jre/lib/jsse.jar
7f65fd0f5000-7f65fd110000 r--s 00209000 08:01 277895                     /usr/lib/jvm/java-8-oracle/jre/lib/deploy.jar
7f65fd110000-7f65fd111000 ---p 00000000 00:00 0 
7f65fd111000-7f65fd211000 rw-p 00000000 00:00 0 
7f65fd211000-7f65fd214000 ---p 00000000 00:00 0 
7f65fd214000-7f65fd312000 rw-p 00000000 00:00 0 
7f65fd312000-7f65fd315000 ---p 00000000 00:00 0 
7f65fd315000-7f65fd413000 rw-p 00000000 00:00 0 
7f65fd413000-7f65fd416000 ---p 00000000 00:00 0 
7f65fd416000-7f65fd514000 rw-p 00000000 00:00 0 
7f65fd514000-7f65fd517000 ---p 00000000 00:00 0 
7f65fd517000-7f65fd615000 rw-p 00000000 00:00 0 
7f65fd615000-7f65fda2d000 r--p 00000000 08:01 132436                     /usr/lib/locale/locale-archive
7f65fda2d000-7f65fda30000 ---p 00000000 00:00 0 
7f65fda30000-7f65fdb2e000 rw-p 00000000 00:00 0 
7f65fdb2e000-7f65fdb31000 ---p 00000000 00:00 0 
7f65fdb31000-7f65fdc2f000 rw-p 00000000 00:00 0 
7f65fdc2f000-7f65fdc30000 ---p 00000000 00:00 0 
7f65fdc30000-7f65fe6ca000 rw-p 00000000 00:00 0 
7f65fe6ca000-7f65fe8a3000 r--s 03d3e000 08:01 277881                     /usr/lib/jvm/java-8-oracle/jre/lib/rt.jar
7f65fe8a3000-7f66001ec000 rw-p 00000000 00:00 0 
7f66001ec000-7f66001ed000 ---p 00000000 00:00 0 
7f66001ed000-7f66002ed000 rw-p 00000000 00:00 0 
7f66002ed000-7f66002ee000 ---p 00000000 00:00 0 
7f66002ee000-7f660040b000 rw-p 00000000 00:00 0 
7f660040b000-7f66007ae000 ---p 00000000 00:00 0 
7f66007ae000-7f6600ece000 rwxp 00000000 00:00 0 
7f6600ece000-7f660f7ae000 ---p 00000000 00:00 0 
7f660f7ae000-7f660f7c8000 r-xp 00000000 08:01 277957                     /usr/lib/jvm/java-8-oracle/jre/lib/amd64/libzip.so
7f660f7c8000-7f660f9c8000 ---p 0001a000 08:01 277957                     /usr/lib/jvm/java-8-oracle/jre/lib/amd64/libzip.so
7f660f9c8000-7f660f9c9000 rw-p 0001a000 08:01 277957                     /usr/lib/jvm/java-8-oracle/jre/lib/amd64/libzip.so
7f660f9c9000-7f660f9d4000 r-xp 00000000 08:01 405976                     /lib/x86_64-linux-gnu/libnss_files-2.23.so
7f660f9d4000-7f660fbd3000 ---p 0000b000 08:01 405976                     /lib/x86_64-linux-gnu/libnss_files-2.23.so
7f660fbd3000-7f660fbd4000 r--p 0000a000 08:01 405976                     /lib/x86_64-linux-gnu/libnss_files-2.23.so
7f660fbd4000-7f660fbd5000 rw-p 0000b000 08:01 405976                     /lib/x86_64-linux-gnu/libnss_files-2.23.so
7f660fbd5000-7f660fbdb000 rw-p 00000000 00:00 0 
7f660fbdb000-7f660fbe6000 r-xp 00000000 08:01 400785                     /lib/x86_64-linux-gnu/libnss_nis-2.23.so
7f660fbe6000-7f660fde5000 ---p 0000b000 08:01 400785                     /lib/x86_64-linux-gnu/libnss_nis-2.23.so
7f660fde5000-7f660fde6000 r--p 0000a000 08:01 400785                     /lib/x86_64-linux-gnu/libnss_nis-2.23.so
7f660fde6000-7f660fde7000 rw-p 0000b000 08:01 400785                     /lib/x86_64-linux-gnu/libnss_nis-2.23.so
7f660fde7000-7f660fdfd000 r-xp 00000000 08:01 405972                     /lib/x86_64-linux-gnu/libnsl-2.23.so
7f660fdfd000-7f660fffc000 ---p 00016000 08:01 405972                     /lib/x86_64-linux-gnu/libnsl-2.23.so
7f660fffc000-7f660fffd000 r--p 00015000 08:01 405972                     /lib/x86_64-linux-gnu/libnsl-2.23.so
7f660fffd000-7f660fffe000 rw-p 00016000 08:01 405972                     /lib/x86_64-linux-gnu/libnsl-2.23.so
7f660fffe000-7f6610000000 rw-p 00000000 00:00 0 
7f6610000000-7f66110a9000 rw-p 00000000 00:00 0 
7f66110a9000-7f6614000000 ---p 00000000 00:00 0 
7f6614000000-7f6614001000 r--s 00001000 08:01 301033                     /home/honey/.m2/repository/com/esotericsoftware/minlog/1.3.0/minlog-1.3.0.jar
7f6614001000-7f6614002000 r--s 0000c000 08:01 10889                      /home/honey/.m2/repository/org/ow2/asm/asm/5.0.3/asm-5.0.3.jar
7f6614002000-7f661400c000 r--s 0006c000 08:01 277894                     /usr/lib/jvm/java-8-oracle/jre/lib/javaws.jar
7f661400c000-7f6614036000 rw-p 00000000 00:00 0 
7f6614036000-7f66140d2000 ---p 00000000 00:00 0 
7f66140d2000-7f6614104000 rw-p 00000000 00:00 0 
7f6614104000-7f6614125000 ---p 00000000 00:00 0 
7f6614125000-7f6614126000 rw-p 00000000 00:00 0 
7f6614126000-7f661412e000 r-xp 00000000 08:01 405973                     /lib/x86_64-linux-gnu/libnss_compat-2.23.so
7f661412e000-7f661432d000 ---p 00008000 08:01 405973                     /lib/x86_64-linux-gnu/libnss_compat-2.23.so
7f661432d000-7f661432e000 r--p 00007000 08:01 405973                     /lib/x86_64-linux-gnu/libnss_compat-2.23.so
7f661432e000-7f661432f000 rw-p 00008000 08:01 405973                     /lib/x86_64-linux-gnu/libnss_compat-2.23.so
7f661432f000-7f661435a000 r-xp 00000000 08:01 277984                     /usr/lib/jvm/java-8-oracle/jre/lib/amd64/libjava.so
7f661435a000-7f6614559000 ---p 0002b000 08:01 277984                     /usr/lib/jvm/java-8-oracle/jre/lib/amd64/libjava.so
7f6614559000-7f661455b000 rw-p 0002a000 08:01 277984                     /usr/lib/jvm/java-8-oracle/jre/lib/amd64/libjava.so
7f661455b000-7f6614568000 r-xp 00000000 08:01 277935                     /usr/lib/jvm/java-8-oracle/jre/lib/amd64/libverify.so
7f6614568000-7f6614767000 ---p 0000d000 08:01 277935                     /usr/lib/jvm/java-8-oracle/jre/lib/amd64/libverify.so
7f6614767000-7f6614769000 rw-p 0000c000 08:01 277935                     /usr/lib/jvm/java-8-oracle/jre/lib/amd64/libverify.so
7f6614769000-7f6614770000 r-xp 00000000 08:01 400784                     /lib/x86_64-linux-gnu/librt-2.23.so
7f6614770000-7f661496f000 ---p 00007000 08:01 400784                     /lib/x86_64-linux-gnu/librt-2.23.so
7f661496f000-7f6614970000 r--p 00006000 08:01 400784                     /lib/x86_64-linux-gnu/librt-2.23.so
7f6614970000-7f6614971000 rw-p 00007000 08:01 400784                     /lib/x86_64-linux-gnu/librt-2.23.so
7f6614971000-7f6614a79000 r-xp 00000000 08:01 405970                     /lib/x86_64-linux-gnu/libm-2.23.so
7f6614a79000-7f6614c78000 ---p 00108000 08:01 405970                     /lib/x86_64-linux-gnu/libm-2.23.so
7f6614c78000-7f6614c79000 r--p 00107000 08:01 405970                     /lib/x86_64-linux-gnu/libm-2.23.so
7f6614c79000-7f6614c7a000 rw-p 00108000 08:01 405970                     /lib/x86_64-linux-gnu/libm-2.23.so
7f6614c7a000-7f6615948000 r-xp 00000000 08:01 277988                     /usr/lib/jvm/java-8-oracle/jre/lib/amd64/server/libjvm.so
7f6615948000-7f6615b48000 ---p 00cce000 08:01 277988                     /usr/lib/jvm/java-8-oracle/jre/lib/amd64/server/libjvm.so
7f6615b48000-7f6615c21000 rw-p 00cce000 08:01 277988                     /usr/lib/jvm/java-8-oracle/jre/lib/amd64/server/libjvm.so
7f6615c21000-7f6615c6c000 rw-p 00000000 00:00 0 
7f6615c6c000-7f6615e2b000 r-xp 00000000 08:01 400789                     /lib/x86_64-linux-gnu/libc-2.23.so
7f6615e2b000-7f661602b000 ---p 001bf000 08:01 400789                     /lib/x86_64-linux-gnu/libc-2.23.so
7f661602b000-7f661602f000 r--p 001bf000 08:01 400789                     /lib/x86_64-linux-gnu/libc-2.23.so
7f661602f000-7f6616031000 rw-p 001c3000 08:01 400789                     /lib/x86_64-linux-gnu/libc-2.23.so
7f6616031000-7f6616035000 rw-p 00000000 00:00 0 
7f6616035000-7f6616038000 r-xp 00000000 08:01 400788                     /lib/x86_64-linux-gnu/libdl-2.23.so
7f6616038000-7f6616237000 ---p 00003000 08:01 400788                     /lib/x86_64-linux-gnu/libdl-2.23.so
7f6616237000-7f6616238000 r--p 00002000 08:01 400788                     /lib/x86_64-linux-gnu/libdl-2.23.so
7f6616238000-7f6616239000 rw-p 00003000 08:01 400788                     /lib/x86_64-linux-gnu/libdl-2.23.so
7f6616239000-7f661624e000 r-xp 00000000 08:01 277024                     /usr/lib/jvm/java-8-oracle/lib/amd64/jli/libjli.so
7f661624e000-7f661644e000 ---p 00015000 08:01 277024                     /usr/lib/jvm/java-8-oracle/lib/amd64/jli/libjli.so
7f661644e000-7f661644f000 rw-p 00015000 08:01 277024                     /usr/lib/jvm/java-8-oracle/lib/amd64/jli/libjli.so
7f661644f000-7f6616467000 r-xp 00000000 08:01 405971                     /lib/x86_64-linux-gnu/libpthread-2.23.so
7f6616467000-7f6616666000 ---p 00018000 08:01 405971                     /lib/x86_64-linux-gnu/libpthread-2.23.so
7f6616666000-7f6616667000 r--p 00017000 08:01 405971                     /lib/x86_64-linux-gnu/libpthread-2.23.so
7f6616667000-7f6616668000 rw-p 00018000 08:01 405971                     /lib/x86_64-linux-gnu/libpthread-2.23.so
7f6616668000-7f661666c000 rw-p 00000000 00:00 0 
7f661666c000-7f6616692000 r-xp 00000000 08:01 393311                     /lib/x86_64-linux-gnu/ld-2.23.so
7f6616692000-7f6616694000 r--s 00004000 08:01 548410                     /home/honey/.m2/repository/com/esotericsoftware/reflectasm/1.10.1/reflectasm-1.10.1.jar
7f6616694000-7f6616696000 r--s 00007000 08:01 277885                     /usr/lib/jvm/java-8-oracle/jre/lib/jfxswt.jar
7f6616696000-7f661669b000 r--s 00084000 08:01 277892                     /usr/lib/jvm/java-8-oracle/jre/lib/jfr.jar
7f661669b000-7f66166a0000 r--s 002f9000 08:01 277834                     /usr/lib/jvm/java-8-oracle/jre/lib/charsets.jar
7f66166a0000-7f66166d1000 rw-p 00000000 00:00 0 
7f66166d1000-7f661676e000 ---p 00000000 00:00 0 
7f661676e000-7f6616771000 ---p 00000000 00:00 0 
7f6616771000-7f6616873000 rw-p 00000000 00:00 0 
7f6616873000-7f6616874000 r--s 00000000 08:01 277886                     /usr/lib/jvm/java-8-oracle/jre/lib/management-agent.jar
7f6616874000-7f6616877000 r--s 0001a000 08:01 277919                     /usr/lib/jvm/java-8-oracle/jre/lib/jce.jar
7f6616877000-7f6616881000 rw-p 00000000 00:00 0 
7f6616881000-7f6616889000 rw-s 00000000 08:01 301076                     /tmp/hsperfdata_honey/5482
7f6616889000-7f661688a000 rw-p 00000000 00:00 0 
7f661688a000-7f661688b000 ---p 00000000 00:00 0 
7f661688b000-7f661688d000 rw-p 00000000 00:00 0 
7f661688d000-7f661688f000 r--p 00000000 00:00 0                          [vvar]
7f661688f000-7f6616891000 r-xp 00000000 00:00 0                          [vdso]
7f6616891000-7f6616892000 r--p 00025000 08:01 393311                     /lib/x86_64-linux-gnu/ld-2.23.so
7f6616892000-7f6616893000 rw-p 00026000 08:01 393311                     /lib/x86_64-linux-gnu/ld-2.23.so
7f6616893000-7f6616894000 rw-p 00000000 00:00 0 
7ffcd1ea9000-7ffcd1ecb000 rw-p 00000000 00:00 0                          [stack]
ffffffffff600000-ffffffffff601000 r-xp 00000000 00:00 0                  [vsyscall]

VM Arguments:
jvm_args: -Didea.launcher.port=7532 -Didea.launcher.bin.path=/home/honey/Downloads/idea-IC-163.12024.16/bin -Dfile.encoding=UTF-8 
java_command: com.intellij.rt.execution.application.AppMain WordCountTopology
java_class_path (initial): /usr/lib/jvm/java-8-oracle/jre/lib/charsets.jar:/usr/lib/jvm/java-8-oracle/jre/lib/deploy.jar:/usr/lib/jvm/java-8-oracle/jre/lib/ext/cldrdata.jar:/usr/lib/jvm/java-8-oracle/jre/lib/ext/dnsns.jar:/usr/lib/jvm/java-8-oracle/jre/lib/ext/jaccess.jar:/usr/lib/jvm/java-8-oracle/jre/lib/ext/jfxrt.jar:/usr/lib/jvm/java-8-oracle/jre/lib/ext/localedata.jar:/usr/lib/jvm/java-8-oracle/jre/lib/ext/nashorn.jar:/usr/lib/jvm/java-8-oracle/jre/lib/ext/sunec.jar:/usr/lib/jvm/java-8-oracle/jre/lib/ext/sunjce_provider.jar:/usr/lib/jvm/java-8-oracle/jre/lib/ext/sunpkcs11.jar:/usr/lib/jvm/java-8-oracle/jre/lib/ext/zipfs.jar:/usr/lib/jvm/java-8-oracle/jre/lib/javaws.jar:/usr/lib/jvm/java-8-oracle/jre/lib/jce.jar:/usr/lib/jvm/java-8-oracle/jre/lib/jfr.jar:/usr/lib/jvm/java-8-oracle/jre/lib/jfxswt.jar:/usr/lib/jvm/java-8-oracle/jre/lib/jsse.jar:/usr/lib/jvm/java-8-oracle/jre/lib/management-agent.jar:/usr/lib/jvm/java-8-oracle/jre/lib/plugin.jar:/usr/lib/jvm/java-8-oracle/jre/lib/resources.jar:/usr/lib/jvm/java-8-oracle/jre/lib/rt.jar:/home/honey/IdeaProjects/hellostorm/target/test-classes:/home/honey/IdeaProjects/hellostorm/target/classes:/home/honey/.m2/repository/junit/junit/3.8.1/junit-3.8.1.jar:/home/honey/.m2/repository/org/apache/storm/storm-core/1.0.3/storm-core-1.0.3.jar:/home/honey/.m2/repository/com/esotericsoftware/kryo/3.0.3/kryo-3.0.3.jar:/home/honey/.m2/repository/com/esotericsoftware/reflectasm/1.10.1/reflectasm-1.10.1.jar:/home/honey/.m2/repository/org/ow2/asm/asm/5.0.3/asm-5.0.3.jar:/home/honey/.m2/repository/com/esotericsoftware/minlog/1.3.0/minlog-1.3.0.jar:/home/honey/.m2/repository/org/objenesis/objenesis/2.1/objenesis-2.1.jar:/home/honey/.m2/repository/org/clojure/clojure/1.7.0/clojure-1.7.0.jar:/home/honey/.m2/repository/com/lmax/disruptor/3.3.2/disruptor-3.3.2.jar:/home/honey/.m2/repository/org/apache/logging/log4j/log4j-api/2.1/log4j-api-2.1.jar:/home/honey/.m2/repository/org/apache/logging/log4j/log4j-core/2.1/log4j-core-2.1.jar:/home/h
Launcher Type: SUN_STANDARD

Environment Variables:
JAVA_HOME=/usr/lib/jvm/java-8-oracle
PATH=/home/honey/bin:/home/honey/.local/bin:/usr/local/sbin:/usr/local/bin:/usr/sbin:/usr/bin:/sbin:/bin:/usr/games:/usr/local/games:/snap/bin:/usr/lib/jvm/java-8-oracle/bin:/usr/lib/jvm/java-8-oracle/db/bin:/usr/lib/jvm/java-8-oracle/jre/bin
LD_LIBRARY_PATH=/home/honey/Downloads/idea-IC-163.12024.16/bin:
SHELL=/bin/bash
DISPLAY=:0

Signal Handlers:
SIGSEGV: [libjvm.so+0xac78c0], sa_mask[0]=11111111011111111101111111111110, sa_flags=SA_RESTART|SA_SIGINFO
SIGBUS: [libjvm.so+0xac78c0], sa_mask[0]=11111111011111111101111111111110, sa_flags=SA_RESTART|SA_SIGINFO
SIGFPE: [libjvm.so+0x920ac0], sa_mask[0]=11111111011111111101111111111110, sa_flags=SA_RESTART|SA_SIGINFO
SIGPIPE: [libjvm.so+0x920ac0], sa_mask[0]=11111111011111111101111111111110, sa_flags=SA_RESTART|SA_SIGINFO
SIGXFSZ: [libjvm.so+0x920ac0], sa_mask[0]=11111111011111111101111111111110, sa_flags=SA_RESTART|SA_SIGINFO
SIGILL: [libjvm.so+0x920ac0], sa_mask[0]=11111111011111111101111111111110, sa_flags=SA_RESTART|SA_SIGINFO
SIGUSR1: SIG_DFL, sa_mask[0]=00000000000000000000000000000000, sa_flags=none
SIGUSR2: [libjvm.so+0x922300], sa_mask[0]=00100000000000000000000000000000, sa_flags=SA_RESTART|SA_SIGINFO
SIGHUP: [libjvm.so+0x923700], sa_mask[0]=11111111011111111101111111111110, sa_flags=SA_RESTART|SA_SIGINFO
SIGINT: [libjvm.so+0x923700], sa_mask[0]=11111111011111111101111111111110, sa_flags=SA_RESTART|SA_SIGINFO
SIGTERM: [libjvm.so+0x923700], sa_mask[0]=11111111011111111101111111111110, sa_flags=SA_RESTART|SA_SIGINFO
SIGQUIT: [libjvm.so+0x923700], sa_mask[0]=11111111011111111101111111111110, sa_flags=SA_RESTART|SA_SIGINFO


---------------  S Y S T E M  ---------------

OS:DISTRIB_ID=Ubuntu
DISTRIB_RELEASE=16.04
DISTRIB_CODENAME=xenial
DISTRIB_DESCRIPTION="Ubuntu 16.04.1 LTS"

uname:Linux 4.4.0-64-generic #85-Ubuntu SMP Mon Feb 20 11:50:30 UTC 2017 x86_64
libc:glibc 2.23 NPTL 2.23 
rlimit: STACK 8192k, CORE 0k, NPROC 7774, NOFILE 65536, AS infinity
load average:8.63 4.08 1.90

/proc/meminfo:
MemTotal:        2030492 kB
MemFree:           55972 kB
MemAvailable:       3104 kB
Buffers:             264 kB
Cached:            45256 kB
SwapCached:          104 kB
Active:          1214856 kB
Inactive:         387848 kB
Active(anon):    1205328 kB
Inactive(anon):   379604 kB
Active(file):       9528 kB
Inactive(file):     8244 kB
Unevictable:          32 kB
Mlocked:              32 kB
SwapTotal:       1046524 kB
SwapFree:              0 kB
Dirty:                 0 kB
Writeback:             0 kB
AnonPages:       1557400 kB
Mapped:            15384 kB
Shmem:             27652 kB
Slab:              73320 kB
SReclaimable:      27064 kB
SUnreclaim:        46256 kB
KernelStack:       15520 kB
PageTables:        35272 kB
NFS_Unstable:          0 kB
Bounce:                0 kB
WritebackTmp:          0 kB
CommitLimit:     2061768 kB
Committed_AS:    6367888 kB
VmallocTotal:   34359738367 kB
VmallocUsed:           0 kB
VmallocChunk:          0 kB
HardwareCorrupted:     0 kB
AnonHugePages:    489472 kB
CmaTotal:              0 kB
CmaFree:               0 kB
HugePages_Total:       0
HugePages_Free:        0
HugePages_Rsvd:        0
HugePages_Surp:        0
Hugepagesize:       2048 kB
DirectMap4k:       92032 kB
DirectMap2M:     2004992 kB
DirectMap1G:           0 kB


CPU:total 2 (1 cores per cpu, 1 threads per core) family 6 model 94 stepping 3, cmov, cx8, fxsr, mmx, sse, sse2, sse3, ssse3, sse4.1, sse4.2, popcnt, avx, avx2, aes, clmul, erms, rtm, 3dnowpref, lzcnt, tsc, tscinvbit, bmi1, bmi2, adx

/proc/cpuinfo:
processor	: 0
vendor_id	: GenuineIntel
cpu family	: 6
model		: 94
model name	: Intel(R) Core(TM) i5-6500 CPU @ 3.20GHz
stepping	: 3
microcode	: 0x9e
cpu MHz		: 3191.999
cache size	: 6144 KB
physical id	: 0
siblings	: 1
core id		: 0
cpu cores	: 1
apicid		: 0
initial apicid	: 0
fpu		: yes
fpu_exception	: yes
cpuid level	: 22
wp		: yes
flags		: fpu vme de pse tsc msr pae mce cx8 apic sep mtrr pge mca cmov pat pse36 clflush dts mmx fxsr sse sse2 ss syscall nx pdpe1gb rdtscp lm constant_tsc arch_perfmon pebs bts nopl xtopology tsc_reliable nonstop_tsc aperfmperf eagerfpu pni pclmulqdq ssse3 fma cx16 pcid sse4_1 sse4_2 x2apic movbe popcnt tsc_deadline_timer aes xsave avx f16c rdrand hypervisor lahf_lm abm 3dnowprefetch epb fsgsbase tsc_adjust bmi1 hle avx2 smep bmi2 invpcid rtm rdseed adx smap xsaveopt dtherm ida arat pln pts hwp hwp_notify hwp_act_window hwp_epp
bugs		:
bogomips	: 6383.99
clflush size	: 64
cache_alignment	: 64
address sizes	: 42 bits physical, 48 bits virtual
power management:

processor	: 1
vendor_id	: GenuineIntel
cpu family	: 6
model		: 94
model name	: Intel(R) Core(TM) i5-6500 CPU @ 3.20GHz
stepping	: 3
microcode	: 0x9e
cpu MHz		: 3191.999
cache size	: 6144 KB
physical id	: 2
siblings	: 1
core id		: 0
cpu cores	: 1
apicid		: 2
initial apicid	: 2
fpu		: yes
fpu_exception	: yes
cpuid level	: 22
wp		: yes
flags		: fpu vme de pse tsc msr pae mce cx8 apic sep mtrr pge mca cmov pat pse36 clflush dts mmx fxsr sse sse2 ss syscall nx pdpe1gb rdtscp lm constant_tsc arch_perfmon pebs bts nopl xtopology tsc_reliable nonstop_tsc aperfmperf eagerfpu pni pclmulqdq ssse3 fma cx16 pcid sse4_1 sse4_2 x2apic movbe popcnt tsc_deadline_timer aes xsave avx f16c rdrand hypervisor lahf_lm abm 3dnowprefetch epb fsgsbase tsc_adjust bmi1 hle avx2 smep bmi2 invpcid rtm rdseed adx smap xsaveopt dtherm ida arat pln pts hwp hwp_notify hwp_act_window hwp_epp
bugs		:
bogomips	: 6383.99
clflush size	: 64
cache_alignment	: 64
address sizes	: 42 bits physical, 48 bits virtual
power management:



Memory: 4k page, physical 2030492k(56948k free), swap 1046524k(0k free)

vm_info: Java HotSpot(TM) 64-Bit Server VM (25.121-b13) for linux-amd64 JRE (1.8.0_121-b13), built on Dec 12 2016 16:36:53 by "java_re" with gcc 4.3.0 20080428 (Red Hat 4.3.0-8)

time: Fri Mar  3 21:15:57 2017
elapsed time: 53 seconds (0d 0h 0m 53s)

